sequenceTest.obj : error LNK2019: unresolved external symbol "public: __thiscall test::sequence<double>::sequence<double>(void)" (??0?$sequence@N@test@@QAE@XZ) referenced in function _main
sequenceTest.obj : error LNK2019: unresolved external symbol "public: void __thiscall test::sequence<double>::start(void)" (?start@?$sequence@N@test@@QAEXXZ) referenced in function "void __cdecl show_list<double>(class test::sequence<double>)" (??$show_list@N@@YAXV?$sequence@N@test@@@Z)
sequenceTest.obj : error LNK2019: unresolved external symbol "public: void __thiscall test::sequence<double>::end(void)" (?end@?$sequence@N@test@@QAEXXZ) referenced in function _main
sequenceTest.obj : error LNK2019: unresolved external symbol "public: void __thiscall test::sequence<double>::advance(void)" (?advance@?$sequence@N@test@@QAEXXZ) referenced in function "void __cdecl show_list<double>(class test::sequence<double>)" (??$show_list@N@@YAXV?$sequence@N@test@@@Z)
sequenceTest.obj : error LNK2019: unresolved external symbol "public: void __thiscall test::sequence<double>::move_back(void)" (?move_back@?$sequence@N@test@@QAEXXZ) referenced in function _main
sequenceTest.obj : error LNK2019: unresolved external symbol "public: void __thiscall test::sequence<double>::add(double const &)" (?add@?$sequence@N@test@@QAEXABN@Z) referenced in function _main
sequenceTest.obj : error LNK2019: unresolved external symbol "public: void __thiscall test::sequence<double>::remove_current(void)" (?remove_current@?$sequence@N@test@@QAEXXZ) referenced in function _main
sequenceTest.obj : error LNK2019: unresolved external symbol "public: unsigned int __thiscall test::sequence<double>::size(void)const " (?size@?$sequence@N@test@@QBEIXZ) referenced in function _main
sequenceTest.obj : error LNK2019: unresolved external symbol "public: bool __thiscall test::sequence<double>::is_item(void)const " (?is_item@?$sequence@N@test@@QBE_NXZ) referenced in function "void __cdecl show_list<double>(class test::sequence<double>)" (??$show_list@N@@YAXV?$sequence@N@test@@@Z)
sequenceTest.obj : error LNK2019: unresolved external symbol "public: double __thiscall test::sequence<double>::current(void)const " (?current@?$sequence@N@test@@QBENXZ) referenced in function "void __cdecl show_list<double>(class test::sequence<double>)" (??$show_list@N@@YAXV?$sequence@N@test@@@Z)
sequenceTest.obj : error LNK2019: unresolved external symbol "public: __thiscall test::sequence<char>::sequence<char>(void)" (??0?$sequence@D@test@@QAE@XZ) referenced in function _main
sequenceTest.obj : error LNK2019: unresolved external symbol "public: void __thiscall test::sequence<char>::start(void)" (?start@?$sequence@D@test@@QAEXXZ) referenced in function "void __cdecl show_list<char>(class test::sequence<char>)" (??$show_list@D@@YAXV?$sequence@D@test@@@Z)
sequenceTest.obj : error LNK2019: unresolved external symbol "public: void __thiscall test::sequence<char>::end(void)" (?end@?$sequence@D@test@@QAEXXZ) referenced in function _main
sequenceTest.obj : error LNK2019: unresolved external symbol "public: void __thiscall test::sequence<char>::advance(void)" (?advance@?$sequence@D@test@@QAEXXZ) referenced in function "void __cdecl show_list<char>(class test::sequence<char>)" (??$show_list@D@@YAXV?$sequence@D@test@@@Z)
sequenceTest.obj : error LNK2019: unresolved external symbol "public: void __thiscall test::sequence<char>::move_back(void)" (?move_back@?$sequence@D@test@@QAEXXZ) referenced in function _main
sequenceTest.obj : error LNK2019: unresolved external symbol "public: void __thiscall test::sequence<char>::add(char const &)" (?add@?$sequence@D@test@@QAEXABD@Z) referenced in function _main
sequenceTest.obj : error LNK2019: unresolved external symbol "public: void __thiscall test::sequence<char>::remove_current(void)" (?remove_current@?$sequence@D@test@@QAEXXZ) referenced in function _main
sequenceTest.obj : error LNK2019: unresolved external symbol "public: unsigned int __thiscall test::sequence<char>::size(void)const " (?size@?$sequence@D@test@@QBEIXZ) referenced in function _main
sequenceTest.obj : error LNK2019: unresolved external symbol "public: bool __thiscall test::sequence<char>::is_item(void)const " (?is_item@?$sequence@D@test@@QBE_NXZ) referenced in function "void __cdecl show_list<char>(class test::sequence<char>)" (??$show_list@D@@YAXV?$sequence@D@test@@@Z)
sequenceTest.obj : error LNK2019: unresolved external symbol "public: char __thiscall test::sequence<char>::current(void)const " (?current@?$sequence@D@test@@QBEDXZ) referenced in function "void __cdecl show_list<char>(class test::sequence<char>)" (??$show_list@D@@YAXV?$sequence@D@test@@@Z)
C:\Users\anurkuma\Documents\MobaXterm\home\personal_git_repos\CS3358\Assign04\Project1\Debug\Project1.exe : fatal error LNK1120: 20 unresolved externals
